<?xml version="1.0" encoding="UTF-8"?>
<!-- Generated by org.testng.reporters.JUnitXMLReporter -->
<testsuite ignored="0" hostname="LIN59016411" failures="0" tests="7" name="Car Loan" time="0.034" errors="0" timestamp="2023-06-30T13:35:05 IST">
  <testcase classname="test.day3" name="WebloginCarLoan" time="0.002"/>
  <testcase classname="test.day3" name="MobileLoginCarLoan" time="0.001"/>
  <testcase classname="test.day3" name="MobilesigninCarLoan" time="0.001"/>
  <testcase classname="test.day3" name="MobilesignoutCarLoan" time="0.002"/>
  <testcase classname="test.day3" name="MobilesignoutCarLoan" time="0.001"/>
  <testcase classname="test.day3" name="MobilesignoutCarLoan" time="0.002"/>
  <testcase classname="test.day3" name="APIcarLoan" time="0.002"/>
</testsuite> <!-- Car Loan -->
