<?xml version="1.0" encoding="UTF-8"?>
<!-- Generated by org.testng.reporters.JUnitXMLReporter -->
<testsuite ignored="1" hostname="LIN59016411" failures="1" tests="5" name="Personal loan" time="0.06" errors="0" timestamp="2023-06-30T13:35:04 IST">
  <testcase classname="test.day1" name="Demo" time="0.008">
    <failure type="java.lang.AssertionError" message="expected [true] but found [false]">
      <![CDATA[java.lang.AssertionError: expected [true] but found [false]
at test.day1.Demo(day1.java:21)
at java.base/java.util.ArrayList.forEach(ArrayList.java:1511)
... Removed 31 stack frames]]>
    </failure>
  </testcase> <!-- Demo -->
  <testcase classname="test.day2" name="ploan" time="0.001"/>
  <testcase classname="test.day4" name="LoginAPIHomeLoan" time="0.002"/>
  <testcase classname="test.day4" name="MobileLoginHomeLoan" time="0.002"/>
  <testcase classname="test.day4" name="WebloginHomeLoan" time="0.001"/>
  <testcase classname="test.day1" name="SecondTest" time="0.0">
    <ignored/>
  </testcase> <!-- SecondTest -->
</testsuite> <!-- Personal loan -->
