<?xml version="1.0" encoding="UTF-8"?>
<testng-results ignored="1" total="13" passed="11" failed="1" skipped="0">
  <reporter-output>
  </reporter-output>
  <suite started-at="2023-06-30T13:35:04 IST" name="Loan Department" finished-at="2023-06-30T13:35:05 IST" duration-ms="192">
    <groups>
      <group name="Smoke">
        <method signature="day2.ploan()[pri:0, instance:test.day2@67c33749]" name="ploan" class="test.day2"/>
        <method signature="day4.MobileLoginHomeLoan()[pri:0, instance:test.day4@fba92d3]" name="MobileLoginHomeLoan" class="test.day4"/>
        <method signature="day3.MobileLoginCarLoan()[pri:0, instance:test.day3@36916eb0]" name="MobileLoginCarLoan" class="test.day3"/>
      </group> <!-- Smoke -->
    </groups>
    <test started-at="2023-06-30T13:35:04 IST" name="Personal loan" finished-at="2023-06-30T13:35:04 IST" duration-ms="60">
      <class name="test.day4">
        <test-method signature="LoginAPIHomeLoan()[pri:0, instance:test.day4@fba92d3]" started-at="2023-06-30T13:35:04 IST" name="LoginAPIHomeLoan" finished-at="2023-06-30T13:35:04 IST" duration-ms="2" status="PASS">
          <reporter-output>
          </reporter-output>
        </test-method> <!-- LoginAPIHomeLoan -->
        <test-method signature="MobileLoginHomeLoan()[pri:0, instance:test.day4@fba92d3]" started-at="2023-06-30T13:35:04 IST" name="MobileLoginHomeLoan" finished-at="2023-06-30T13:35:04 IST" duration-ms="2" status="PASS">
          <reporter-output>
          </reporter-output>
        </test-method> <!-- MobileLoginHomeLoan -->
        <test-method signature="WebloginHomeLoan(java.lang.String)[pri:0, instance:test.day4@fba92d3]" started-at="2023-06-30T13:35:04 IST" name="WebloginHomeLoan" finished-at="2023-06-30T13:35:04 IST" duration-ms="1" status="PASS">
          <params>
            <param index="0">
              <value>
                <![CDATA[personalloan.com]]>
              </value>
            </param>
          </params>
          <reporter-output>
          </reporter-output>
        </test-method> <!-- WebloginHomeLoan -->
      </class> <!-- test.day4 -->
      <class name="test.day2">
        <test-method is-config="true" signature="prerequiste()[pri:0, instance:test.day2@67c33749]" started-at="2023-06-30T13:35:04 IST" name="prerequiste" finished-at="2023-06-30T13:35:04 IST" duration-ms="1" status="PASS">
          <reporter-output>
          </reporter-output>
        </test-method> <!-- prerequiste -->
        <test-method signature="ploan()[pri:0, instance:test.day2@67c33749]" started-at="2023-06-30T13:35:04 IST" name="ploan" finished-at="2023-06-30T13:35:04 IST" duration-ms="1" status="PASS">
          <reporter-output>
          </reporter-output>
        </test-method> <!-- ploan -->
      </class> <!-- test.day2 -->
      <class name="test.day1">
        <test-method signature="Demo()[pri:0, instance:test.day1@63a12c68]" started-at="2023-06-30T13:35:04 IST" name="Demo" finished-at="2023-06-30T13:35:04 IST" duration-ms="8" status="FAIL">
          <exception class="java.lang.AssertionError">
            <message>
              <![CDATA[expected [true] but found [false]]]>
            </message>
            <full-stacktrace>
              <![CDATA[java.lang.AssertionError: expected [true] but found [false]
at org.testng.Assert.fail(Assert.java:99)
at org.testng.Assert.failNotEquals(Assert.java:1037)
at org.testng.Assert.assertTrue(Assert.java:45)
at org.testng.Assert.assertTrue(Assert.java:55)
at test.day1.Demo(day1.java:21)
at java.base/jdk.internal.reflect.NativeMethodAccessorImpl.invoke0(Native Method)
at java.base/jdk.internal.reflect.NativeMethodAccessorImpl.invoke(NativeMethodAccessorImpl.java:77)
at java.base/jdk.internal.reflect.DelegatingMethodAccessorImpl.invoke(DelegatingMethodAccessorImpl.java:43)
at java.base/java.lang.reflect.Method.invoke(Method.java:568)
at org.testng.internal.MethodInvocationHelper.invokeMethod(MethodInvocationHelper.java:133)
at org.testng.internal.TestInvoker.invokeMethod(TestInvoker.java:598)
at org.testng.internal.TestInvoker.invokeTestMethod(TestInvoker.java:173)
at org.testng.internal.MethodRunner.runInSequence(MethodRunner.java:46)
at org.testng.internal.TestInvoker$MethodInvocationAgent.invoke(TestInvoker.java:824)
at org.testng.internal.TestInvoker.invokeTestMethods(TestInvoker.java:146)
at org.testng.internal.TestMethodWorker.invokeTestMethods(TestMethodWorker.java:146)
at org.testng.internal.TestMethodWorker.run(TestMethodWorker.java:128)
at java.base/java.util.ArrayList.forEach(ArrayList.java:1511)
at org.testng.TestRunner.privateRun(TestRunner.java:794)
at org.testng.TestRunner.run(TestRunner.java:596)
at org.testng.SuiteRunner.runTest(SuiteRunner.java:377)
at org.testng.SuiteRunner.runSequentially(SuiteRunner.java:371)
at org.testng.SuiteRunner.privateRun(SuiteRunner.java:332)
at org.testng.SuiteRunner.run(SuiteRunner.java:276)
at org.testng.SuiteRunnerWorker.runSuite(SuiteRunnerWorker.java:53)
at org.testng.SuiteRunnerWorker.run(SuiteRunnerWorker.java:96)
at org.testng.TestNG.runSuitesSequentially(TestNG.java:1212)
at org.testng.TestNG.runSuitesLocally(TestNG.java:1134)
at org.testng.TestNG.runSuites(TestNG.java:1063)
at org.testng.TestNG.run(TestNG.java:1031)
at org.testng.remote.AbstractRemoteTestNG.run(AbstractRemoteTestNG.java:115)
at org.testng.remote.RemoteTestNG.initAndRun(RemoteTestNG.java:251)
at org.testng.remote.RemoteTestNG.main(RemoteTestNG.java:77)
]]>
            </full-stacktrace>
          </exception> <!-- java.lang.AssertionError -->
          <reporter-output>
          </reporter-output>
        </test-method> <!-- Demo -->
        <test-method is-config="true" signature="lastexecution()[pri:0, instance:test.day1@63a12c68]" started-at="2023-06-30T13:35:04 IST" name="lastexecution" finished-at="2023-06-30T13:35:04 IST" duration-ms="1" status="PASS">
          <reporter-output>
          </reporter-output>
        </test-method> <!-- lastexecution -->
      </class> <!-- test.day1 -->
    </test> <!-- Personal loan -->
    <test started-at="2023-06-30T13:35:04 IST" name="Car Loan" finished-at="2023-06-30T13:35:05 IST" duration-ms="34">
      <class name="test.day3">
        <test-method is-config="true" signature="Bfsuite()[pri:0, instance:test.day3@36916eb0]" started-at="2023-06-30T13:35:04 IST" name="Bfsuite" finished-at="2023-06-30T13:35:04 IST" duration-ms="8" status="PASS">
          <reporter-output>
          </reporter-output>
        </test-method> <!-- Bfsuite -->
        <test-method is-config="true" signature="befoclass()[pri:0, instance:test.day3@36916eb0]" started-at="2023-06-30T13:35:04 IST" name="befoclass" finished-at="2023-06-30T13:35:04 IST" duration-ms="0" status="PASS">
          <reporter-output>
          </reporter-output>
        </test-method> <!-- befoclass -->
        <test-method is-config="true" signature="beforeevery()[pri:0, instance:test.day3@36916eb0]" started-at="2023-06-30T13:35:04 IST" name="beforeevery" finished-at="2023-06-30T13:35:04 IST" duration-ms="0" status="PASS">
          <reporter-output>
          </reporter-output>
        </test-method> <!-- beforeevery -->
        <test-method signature="WebloginCarLoan(java.lang.String,java.lang.String)[pri:0, instance:test.day3@36916eb0]" started-at="2023-06-30T13:35:05 IST" name="WebloginCarLoan" finished-at="2023-06-30T13:35:05 IST" duration-ms="2" status="PASS">
          <params>
            <param index="0">
              <value>
                <![CDATA[carloan.com]]>
              </value>
            </param>
            <param index="1">
              <value>
                <![CDATA[123456]]>
              </value>
            </param>
          </params>
          <reporter-output>
          </reporter-output>
        </test-method> <!-- WebloginCarLoan -->
        <test-method is-config="true" signature="afterevery()[pri:0, instance:test.day3@36916eb0]" started-at="2023-06-30T13:35:05 IST" name="afterevery" finished-at="2023-06-30T13:35:05 IST" duration-ms="1" status="PASS">
          <reporter-output>
          </reporter-output>
        </test-method> <!-- afterevery -->
        <test-method is-config="true" signature="beforeevery()[pri:0, instance:test.day3@36916eb0]" started-at="2023-06-30T13:35:05 IST" name="beforeevery" finished-at="2023-06-30T13:35:05 IST" duration-ms="1" status="PASS">
          <reporter-output>
          </reporter-output>
        </test-method> <!-- beforeevery -->
        <test-method signature="MobileLoginCarLoan()[pri:0, instance:test.day3@36916eb0]" started-at="2023-06-30T13:35:05 IST" name="MobileLoginCarLoan" finished-at="2023-06-30T13:35:05 IST" duration-ms="1" status="PASS">
          <reporter-output>
          </reporter-output>
        </test-method> <!-- MobileLoginCarLoan -->
        <test-method is-config="true" signature="afterevery()[pri:0, instance:test.day3@36916eb0]" started-at="2023-06-30T13:35:05 IST" name="afterevery" finished-at="2023-06-30T13:35:05 IST" duration-ms="0" status="PASS">
          <reporter-output>
          </reporter-output>
        </test-method> <!-- afterevery -->
        <test-method is-config="true" signature="beforeevery()[pri:0, instance:test.day3@36916eb0]" started-at="2023-06-30T13:35:05 IST" name="beforeevery" finished-at="2023-06-30T13:35:05 IST" duration-ms="0" status="PASS">
          <reporter-output>
          </reporter-output>
        </test-method> <!-- beforeevery -->
        <test-method signature="MobilesigninCarLoan()[pri:0, instance:test.day3@36916eb0]" started-at="2023-06-30T13:35:05 IST" name="MobilesigninCarLoan" finished-at="2023-06-30T13:35:05 IST" duration-ms="1" status="PASS">
          <reporter-output>
          </reporter-output>
        </test-method> <!-- MobilesigninCarLoan -->
        <test-method is-config="true" signature="afterevery()[pri:0, instance:test.day3@36916eb0]" started-at="2023-06-30T13:35:05 IST" name="afterevery" finished-at="2023-06-30T13:35:05 IST" duration-ms="0" status="PASS">
          <reporter-output>
          </reporter-output>
        </test-method> <!-- afterevery -->
        <test-method signature="MobilesignoutCarLoan(java.lang.String,java.lang.String)[pri:0, instance:test.day3@36916eb0]" started-at="2023-06-30T13:35:05 IST" name="MobilesignoutCarLoan" data-provider="getData" finished-at="2023-06-30T13:35:05 IST" duration-ms="2" status="PASS">
          <params>
            <param index="0">
              <value>
                <![CDATA[firstusername]]>
              </value>
            </param>
            <param index="1">
              <value>
                <![CDATA[firstpassword]]>
              </value>
            </param>
          </params>
          <reporter-output>
          </reporter-output>
        </test-method> <!-- MobilesignoutCarLoan -->
        <test-method is-config="true" signature="beforeevery()[pri:0, instance:test.day3@36916eb0]" started-at="2023-06-30T13:35:05 IST" name="beforeevery" finished-at="2023-06-30T13:35:05 IST" duration-ms="0" status="PASS">
          <reporter-output>
          </reporter-output>
        </test-method> <!-- beforeevery -->
        <test-method is-config="true" signature="afterevery()[pri:0, instance:test.day3@36916eb0]" started-at="2023-06-30T13:35:05 IST" name="afterevery" finished-at="2023-06-30T13:35:05 IST" duration-ms="1" status="PASS">
          <reporter-output>
          </reporter-output>
        </test-method> <!-- afterevery -->
        <test-method signature="MobilesignoutCarLoan(java.lang.String,java.lang.String)[pri:0, instance:test.day3@36916eb0]" started-at="2023-06-30T13:35:05 IST" name="MobilesignoutCarLoan" data-provider="getData" finished-at="2023-06-30T13:35:05 IST" duration-ms="1" status="PASS">
          <params>
            <param index="0">
              <value>
                <![CDATA[secondsetusername]]>
              </value>
            </param>
            <param index="1">
              <value>
                <![CDATA[secondpassword]]>
              </value>
            </param>
          </params>
          <reporter-output>
          </reporter-output>
        </test-method> <!-- MobilesignoutCarLoan -->
        <test-method is-config="true" signature="beforeevery()[pri:0, instance:test.day3@36916eb0]" started-at="2023-06-30T13:35:05 IST" name="beforeevery" finished-at="2023-06-30T13:35:05 IST" duration-ms="0" status="PASS">
          <reporter-output>
          </reporter-output>
        </test-method> <!-- beforeevery -->
        <test-method is-config="true" signature="afterevery()[pri:0, instance:test.day3@36916eb0]" started-at="2023-06-30T13:35:05 IST" name="afterevery" finished-at="2023-06-30T13:35:05 IST" duration-ms="1" status="PASS">
          <reporter-output>
          </reporter-output>
        </test-method> <!-- afterevery -->
        <test-method is-config="true" signature="beforeevery()[pri:0, instance:test.day3@36916eb0]" started-at="2023-06-30T13:35:05 IST" name="beforeevery" finished-at="2023-06-30T13:35:05 IST" duration-ms="0" status="PASS">
          <reporter-output>
          </reporter-output>
        </test-method> <!-- beforeevery -->
        <test-method signature="MobilesignoutCarLoan(java.lang.String,java.lang.String)[pri:0, instance:test.day3@36916eb0]" started-at="2023-06-30T13:35:05 IST" name="MobilesignoutCarLoan" data-provider="getData" finished-at="2023-06-30T13:35:05 IST" duration-ms="2" status="PASS">
          <params>
            <param index="0">
              <value>
                <![CDATA[thirdsetusername]]>
              </value>
            </param>
            <param index="1">
              <value>
                <![CDATA[thirdpassword]]>
              </value>
            </param>
          </params>
          <reporter-output>
          </reporter-output>
        </test-method> <!-- MobilesignoutCarLoan -->
        <test-method is-config="true" signature="afterevery()[pri:0, instance:test.day3@36916eb0]" started-at="2023-06-30T13:35:05 IST" name="afterevery" finished-at="2023-06-30T13:35:05 IST" duration-ms="0" status="PASS">
          <reporter-output>
          </reporter-output>
        </test-method> <!-- afterevery -->
        <test-method signature="APIcarLoan()[pri:0, instance:test.day3@36916eb0]" started-at="2023-06-30T13:35:05 IST" name="APIcarLoan" finished-at="2023-06-30T13:35:05 IST" depends-on-methods="test.day3.WebloginCarLoan" duration-ms="2" status="PASS">
          <reporter-output>
          </reporter-output>
        </test-method> <!-- APIcarLoan -->
        <test-method is-config="true" signature="beforeevery()[pri:0, instance:test.day3@36916eb0]" started-at="2023-06-30T13:35:05 IST" name="beforeevery" finished-at="2023-06-30T13:35:05 IST" duration-ms="0" status="PASS">
          <reporter-output>
          </reporter-output>
        </test-method> <!-- beforeevery -->
        <test-method is-config="true" signature="afterevery()[pri:0, instance:test.day3@36916eb0]" started-at="2023-06-30T13:35:05 IST" name="afterevery" finished-at="2023-06-30T13:35:05 IST" duration-ms="0" status="PASS">
          <reporter-output>
          </reporter-output>
        </test-method> <!-- afterevery -->
        <test-method is-config="true" signature="afteclass()[pri:0, instance:test.day3@36916eb0]" started-at="2023-06-30T13:35:05 IST" name="afteclass" finished-at="2023-06-30T13:35:05 IST" duration-ms="0" status="PASS">
          <reporter-output>
          </reporter-output>
        </test-method> <!-- afteclass -->
      </class> <!-- test.day3 -->
      <class name="test.day1">
        <test-method is-config="true" signature="afsuite()[pri:0, instance:test.day1@63a12c68]" started-at="2023-06-30T13:35:05 IST" name="afsuite" finished-at="2023-06-30T13:35:05 IST" duration-ms="0" status="PASS">
          <reporter-output>
          </reporter-output>
        </test-method> <!-- afsuite -->
      </class> <!-- test.day1 -->
    </test> <!-- Car Loan -->
  </suite> <!-- Loan Department -->
</testng-results>
